[2mResolved [1m72 packages[0m [2min 4ms[0m[0m
   [36m[1mBuilding[0m[39m jams[2m @ file:///Users/jhurliman/Documents/Code/jhurliman/jams[0m
      [32m[1mBuilt[0m[39m jams[2m @ file:///Users/jhurliman/Documents/Code/jhurliman/jams[0m
[2mPrepared [1m1 package[0m [2min 543ms[0m[0m
[2mInstalled [1m65 packages[0m [2min 162ms[0m[0m
 [32m+[39m [1mannotated-doc[0m[2m==0.0.4[0m
 [32m+[39m [1mannotated-types[0m[2m==0.7.0[0m
 [32m+[39m [1manyio[0m[2m==4.14.1[0m
 [32m+[39m [1mast-serialize[0m[2m==0.5.0[0m
 [32m+[39m [1maudioop-lts[0m[2m==0.2.2[0m
 [32m+[39m [1maudioread[0m[2m==3.1.0[0m
 [32m+[39m [1mcertifi[0m[2m==2026.6.17[0m
 [32m+[39m [1mcffi[0m[2m==2.0.0[0m
 [32m+[39m [1mcharset-normalizer[0m[2m==3.4.7[0m
 [32m+[39m [1mclick[0m[2m==8.4.2[0m
 [32m+[39m [1mdecorator[0m[2m==5.3.1[0m
 [32m+[39m [1messentia-tensorflow[0m[2m==2.1b6.dev1438[0m
 [32m+[39m [1mfastapi[0m[2m==0.138.0[0m
 [32m+[39m [1mh11[0m[2m==0.16.0[0m
 [32m+[39m [1mhttpcore[0m[2m==1.0.9[0m
 [32m+[39m [1mhttptools[0m[2m==0.8.0[0m
 [32m+[39m [1mhttpx[0m[2m==0.28.1[0m
 [32m+[39m [1midna[0m[2m==3.18[0m
 [32m+[39m [1miniconfig[0m[2m==2.3.0[0m
 [32m+[39m [1mjams[0m[2m==0.1.0 (from file:///Users/jhurliman/Documents/Code/jhurliman/jams)[0m
 [32m+[39m [1mjoblib[0m[2m==1.5.3[0m
 [32m+[39m [1mlazy-loader[0m[2m==0.5[0m
 [32m+[39m [1mlibrosa[0m[2m==0.11.0[0m
 [32m+[39m [1mlibrt[0m[2m==0.11.0[0m
 [32m+[39m [1mllvmlite[0m[2m==0.47.0[0m
 [32m+[39m [1mmsgpack[0m[2m==1.2.1[0m
 [32m+[39m [1mmypy[0m[2m==2.1.0[0m
 [32m+[39m [1mmypy-extensions[0m[2m==1.1.0[0m
 [32m+[39m [1mnarwhals[0m[2m==2.22.1[0m
 [32m+[39m [1mnumba[0m[2m==0.65.1[0m
 [32m+[39m [1mnumpy[0m[2m==2.4.6[0m
 [32m+[39m [1mpackaging[0m[2m==26.2[0m
 [32m+[39m [1mpathspec[0m[2m==1.1.1[0m
 [32m+[39m [1mplatformdirs[0m[2m==4.10.0[0m
 [32m+[39m [1mpluggy[0m[2m==1.6.0[0m
 [32m+[39m [1mpooch[0m[2m==1.9.0[0m
 [32m+[39m [1mpycparser[0m[2m==3.0[0m
 [32m+[39m [1mpydantic[0m[2m==2.13.4[0m
 [32m+[39m [1mpydantic-core[0m[2m==2.46.4[0m
 [32m+[39m [1mpydantic-settings[0m[2m==2.14.2[0m
 [32m+[39m [1mpygments[0m[2m==2.20.0[0m
 [32m+[39m [1mpytest[0m[2m==9.1.1[0m
 [32m+[39m [1mpython-dotenv[0m[2m==1.2.2[0m
 [32m+[39m [1mpython-multipart[0m[2m==0.0.32[0m
 [32m+[39m [1mpyyaml[0m[2m==6.0.3[0m
 [32m+[39m [1mreplicate[0m[2m==1.0.7[0m
 [32m+[39m [1mrequests[0m[2m==2.34.2[0m
 [32m+[39m [1mruff[0m[2m==0.15.19[0m
 [32m+[39m [1mscikit-learn[0m[2m==1.9.0[0m
 [32m+[39m [1mscipy[0m[2m==1.18.0[0m
 [32m+[39m [1msix[0m[2m==1.17.0[0m
 [32m+[39m [1msoundfile[0m[2m==0.14.0[0m
 [32m+[39m [1msoxr[0m[2m==1.1.0[0m
 [32m+[39m [1mstandard-aifc[0m[2m==3.13.0[0m
 [32m+[39m [1mstandard-chunk[0m[2m==3.13.0[0m
 [32m+[39m [1mstandard-sunau[0m[2m==3.13.0[0m
 [32m+[39m [1mstarlette[0m[2m==1.3.1[0m
 [32m+[39m [1mthreadpoolctl[0m[2m==3.6.0[0m
 [32m+[39m [1mtyping-extensions[0m[2m==4.15.0[0m
 [32m+[39m [1mtyping-inspection[0m[2m==0.4.2[0m
 [32m+[39m [1murllib3[0m[2m==2.7.0[0m
 [32m+[39m [1muvicorn[0m[2m==0.49.0[0m
 [32m+[39m [1muvloop[0m[2m==0.22.1[0m
 [32m+[39m [1mwatchfiles[0m[2m==1.2.0[0m
 [32m+[39m [1mwebsockets[0m[2m==16.0[0m
